<!DOCTYPE html PUBLIC "-//W3C//DTD XHTML 1.1//EN" "https://www.w3.org/TR/xhtml11/DTD/xhtml11.dtd">
<html xmlns="https://www.w3.org/1999/xhtml">
<head>
<meta http-equiv="content-type" content="text/html; charset=UTF-8"/>
<title>TestNG Report</title>
<style type="text/css">table {margin-bottom:10px;border-collapse:collapse;empty-cells:show}th,td {border:1px solid #009;padding:.25em .5em}th {vertical-align:bottom}td {vertical-align:top}table a {font-weight:bold}.stripe td {background-color: #E6EBF9}.num {text-align:right}.passedodd td {background-color: #3F3}.passedeven td {background-color: #0A0}.skippedodd td {background-color: #DDD}.skippedeven td {background-color: #CCC}.failedodd td,.attn {background-color: #F33}.failedeven td,.stripe .attn {background-color: #D00}.stacktrace {white-space:pre;font-family:monospace}.totop {font-size:85%;text-align:center;border-bottom:2px solid #000}.invisible {display:none}</style>
</head>
<body>
<table>
<tr><th>Test</th><th># Passed</th><th># Skipped</th><th># Retried</th><th># Failed</th><th>Time (ms)</th><th>Included Groups</th><th>Excluded Groups</th></tr>
<tr><th colspan="8">Suite</th></tr>
<tr><td><a href="#t0">Test</a></td><td class="num">19</td><td class="num">0</td><td class="num">0</td><td class="num attn">8</td><td class="num">92,965</td><td></td><td></td></tr>
</table>
<table id='summary'><thead><tr><th>Class</th><th>Method</th><th>Start</th><th>Time (ms)</th></tr></thead><tbody><tr><th colspan="4">Suite</th></tr></tbody><tbody id="t0"><tr><th colspan="4">Test &#8212; failed</th></tr><tr class="failedeven"><td rowspan="3">testCases.BrowserWindowsTC0010</td><td><a href="#m0">NewWinMsgMethod</a></td><td rowspan="1">1759747408574</td><td rowspan="1">2054</td></tr><tr class="failedeven"><td><a href="#m1">newTabMethod</a></td><td rowspan="1">1759747404892</td><td rowspan="1">1468</td></tr><tr class="failedeven"><td><a href="#m2">newWinMethod</a></td><td rowspan="1">1759747406474</td><td rowspan="1">2005</td></tr><tr class="failedodd"><td rowspan="1">testCases.ProgressBarTC0016</td><td><a href="#m3">progressBarMathod</a></td><td rowspan="1">1759747385417</td><td rowspan="1">1244</td></tr><tr class="failedeven"><td rowspan="1">testCases.ScollTopTC0020</td><td><a href="#m4">scollTopMethod</a></td><td rowspan="1">1759747376246</td><td rowspan="1">1496</td></tr><tr class="failedodd"><td rowspan="1">testCases.SelectMenuTC0019</td><td><a href="#m5">selectMenuMethod</a></td><td rowspan="1">1759747372768</td><td rowspan="1">968</td></tr><tr class="failedeven"><td rowspan="1">testCases.SliderTC0015</td><td><a href="#m6">sliderMethod</a></td><td rowspan="1">1759747398417</td><td rowspan="1">1230</td></tr><tr class="failedodd"><td rowspan="1">testCases.UploadandDownloadTC009</td><td><a href="#m7">selectFileMethod</a></td><td rowspan="1">1759747389636</td><td rowspan="1">91</td></tr><tr><th colspan="4">Test &#8212; passed</th></tr><tr class="passedeven"><td rowspan="1">testCases.Accordian0012</td><td><a href="#m8">accordianMethod</a></td><td rowspan="1">1759747429803</td><td rowspan="1">1724</td></tr><tr class="passedodd"><td rowspan="1">testCases.AutoCompleteTC0013</td><td><a href="#m9">autoCompleteMethod</a></td><td rowspan="1">1759747421702</td><td rowspan="1">2668</td></tr><tr class="passedeven"><td rowspan="1">testCases.BrokenLinksTC007</td><td><a href="#m10">brokenLinksMethod</a></td><td rowspan="1">1759747355481</td><td rowspan="1">1597</td></tr><tr class="passedodd"><td rowspan="1">testCases.ButtonTC005</td><td><a href="#m11">buttonsClick</a></td><td rowspan="1">1759747426430</td><td rowspan="1">1292</td></tr><tr class="passedeven"><td rowspan="1">testCases.CheckBoxTC002</td><td><a href="#m12">checkBoxMethod</a></td><td rowspan="1">1759747412533</td><td rowspan="1">700</td></tr><tr class="passedodd"><td rowspan="1">testCases.DatePickerTC0014</td><td><a href="#m13">datePickerMethod</a></td><td rowspan="1">1759747438340</td><td rowspan="1">5471</td></tr><tr class="passedeven"><td rowspan="1">testCases.DynamicPropertiesTC008</td><td><a href="#m14">dynamicPropertiesMethod</a></td><td rowspan="1">1759747358979</td><td rowspan="1">5971</td></tr><tr class="passedodd"><td rowspan="1">testCases.HorizontalScrollTC0022</td><td><a href="#m15">horizntalScollMethod</a></td><td rowspan="1">1759747366991</td><td rowspan="1">717</td></tr><tr class="passedeven"><td rowspan="1">testCases.InteractionTC0023</td><td><a href="#m16">interactionMethod</a></td><td rowspan="1">1759747415283</td><td rowspan="1">1568</td></tr><tr class="passedodd"><td rowspan="1">testCases.LinksTC006</td><td><a href="#m17">links</a></td><td rowspan="1">1759747391899</td><td rowspan="1">873</td></tr><tr class="passedeven"><td rowspan="1">testCases.MenuTC0018</td><td><a href="#m18">menuMethod</a></td><td rowspan="1">1759747353444</td><td rowspan="1">5</td></tr><tr class="passedodd"><td rowspan="2">testCases.RadioBtnTC003</td><td><a href="#m19">aradioBtnMethod</a></td><td rowspan="1">1759747433453</td><td rowspan="1">687</td></tr><tr class="passedodd"><td><a href="#m20">impressiveMethod</a></td><td rowspan="1">1759747434140</td><td rowspan="1">2149</td></tr><tr class="passedeven"><td rowspan="1">testCases.ScrollDownTC0021</td><td><a href="#m21">scollDownMethod</a></td><td rowspan="1">1759747369594</td><td rowspan="1">1065</td></tr><tr class="passedodd"><td rowspan="1">testCases.TabsTC0017</td><td><a href="#m22">tabsMethod</a></td><td rowspan="1">1759747418786</td><td rowspan="1">706</td></tr><tr class="passedeven"><td rowspan="1">testCases.TextBoxTC001</td><td><a href="#m23">textBoxMethod</a></td><td rowspan="1">1759747401764</td><td rowspan="1">925</td></tr><tr class="passedodd"><td rowspan="1">testCases.UploadandDownloadTC009</td><td><a href="#m24">uploadDownloadMethod</a></td><td rowspan="1">1759747388862</td><td rowspan="1">772</td></tr><tr class="passedeven"><td rowspan="1">testCases.WebTableTC004</td><td><a href="#m25">webTableMethod</a></td><td rowspan="1">1759747379967</td><td rowspan="1">3218</td></tr><tr class="passedodd"><td rowspan="1">testCases.WidgetsTC0011</td><td><a href="#m26">widgetsMethod</a></td><td rowspan="1">1759747394992</td><td rowspan="1">1587</td></tr></tbody>
</table>
<h2>Test</h2><h3 id="m0">testCases.BrowserWindowsTC0010#NewWinMsgMethod</h3><table class="result"><tr><th>Exception</th></tr><tr><td><div class="stacktrace">org.openqa.selenium.NoSuchElementException: no such element: Unable to locate element: {&quot;method&quot;:&quot;xpath&quot;,&quot;selector&quot;:&quot;//div//button[@class=&apos;btn btn-primary&apos;][3]&quot;}
  (Session info: chrome=140.0.7339.210)
For documentation on this error, please visit: https://www.selenium.dev/documentation/webdriver/troubleshooting/errors#no-such-element-exception
Build info: version: &apos;4.22.0&apos;, revision: &apos;c5f3146703*&apos;
System info: os.name: &apos;Windows 11&apos;, os.arch: &apos;amd64&apos;, os.version: &apos;10.0&apos;, java.version: &apos;21.0.7&apos;
Driver info: org.openqa.selenium.chrome.ChromeDriver
Command: [d1732c8c9b6c543fa5bb70d259252db9, findElement {value=//div//button[@class=&apos;btn btn-primary&apos;][3], using=xpath}]
Capabilities {acceptInsecureCerts: false, browserName: chrome, browserVersion: 140.0.7339.210, chrome: {chromedriverVersion: 140.0.7339.207 (17230b545fd..., userDataDir: C:\Users\akshu\AppData\Loca...}, fedcm:accounts: true, goog:chromeOptions: {debuggerAddress: localhost:61313}, networkConnectionEnabled: false, pageLoadStrategy: normal, platformName: windows, proxy: Proxy(), se:cdp: ws://localhost:61313/devtoo..., se:cdpVersion: 140.0.7339.210, setWindowRect: true, strictFileInteractability: false, timeouts: {implicit: 0, pageLoad: 300000, script: 30000}, unhandledPromptBehavior: dismiss and notify, webauthn:extension:credBlob: true, webauthn:extension:largeBlob: true, webauthn:extension:minPinLength: true, webauthn:extension:prf: true, webauthn:virtualAuthenticators: true}
Session ID: d1732c8c9b6c543fa5bb70d259252db9
	at org.openqa.selenium.remote.ErrorCodec.decode(ErrorCodec.java:167)
	at org.openqa.selenium.remote.codec.w3c.W3CHttpResponseCodec.decode(W3CHttpResponseCodec.java:138)
	at org.openqa.selenium.remote.codec.w3c.W3CHttpResponseCodec.decode(W3CHttpResponseCodec.java:50)
	at org.openqa.selenium.remote.HttpCommandExecutor.execute(HttpCommandExecutor.java:190)
	at org.openqa.selenium.remote.service.DriverCommandExecutor.invokeExecute(DriverCommandExecutor.java:216)
	at org.openqa.selenium.remote.service.DriverCommandExecutor.execute(DriverCommandExecutor.java:174)
	at org.openqa.selenium.remote.RemoteWebDriver.execute(RemoteWebDriver.java:518)
	at org.openqa.selenium.remote.ElementLocation$ElementFinder$2.findElement(ElementLocation.java:165)
	at org.openqa.selenium.remote.ElementLocation.findElement(ElementLocation.java:59)
	at org.openqa.selenium.remote.RemoteWebDriver.findElement(RemoteWebDriver.java:355)
	at org.openqa.selenium.remote.RemoteWebDriver.findElement(RemoteWebDriver.java:349)
	at org.openqa.selenium.support.pagefactory.DefaultElementLocator.findElement(DefaultElementLocator.java:68)
	at org.openqa.selenium.support.pagefactory.internal.LocatingElementHandler.invoke(LocatingElementHandler.java:38)
	at jdk.proxy2/jdk.proxy2.$Proxy29.click(Unknown Source)
	at pageObjects.BrowserWindows.newWinMsgBtnClick(BrowserWindows.java:66)
	at testCases.BrowserWindowsTC0010.NewWinMsgMethod(BrowserWindowsTC0010.java:59)
	at java.base/java.util.ArrayList.forEach(ArrayList.java:1596)
... Removed 28 stack frames</div></td></tr></table><p class="totop"><a href="#summary">back to summary</a></p>
<h3 id="m1">testCases.BrowserWindowsTC0010#newTabMethod</h3><table class="result"><tr><th>Exception</th></tr><tr><td><div class="stacktrace">org.openqa.selenium.ElementClickInterceptedException: element click intercepted: Element &lt;a href=&quot;browser-windows.php&quot;&gt;...&lt;/a&gt; is not clickable at point (345, 408). Other element would receive the click: &lt;li class=&quot;list-group-item&quot;&gt;...&lt;/li&gt;
  (Session info: chrome=140.0.7339.210)
Build info: version: &apos;4.22.0&apos;, revision: &apos;c5f3146703*&apos;
System info: os.name: &apos;Windows 11&apos;, os.arch: &apos;amd64&apos;, os.version: &apos;10.0&apos;, java.version: &apos;21.0.7&apos;
Driver info: org.openqa.selenium.chrome.ChromeDriver
Command: [d1732c8c9b6c543fa5bb70d259252db9, clickElement {id=f.B5D50FDFB202F434E9E9CE3F2410179D.d.F547AA29B7805888A18ED2B71272D84F.e.44}]
Capabilities {acceptInsecureCerts: false, browserName: chrome, browserVersion: 140.0.7339.210, chrome: {chromedriverVersion: 140.0.7339.207 (17230b545fd..., userDataDir: C:\Users\akshu\AppData\Loca...}, fedcm:accounts: true, goog:chromeOptions: {debuggerAddress: localhost:61313}, networkConnectionEnabled: false, pageLoadStrategy: normal, platformName: windows, proxy: Proxy(), se:cdp: ws://localhost:61313/devtoo..., se:cdpVersion: 140.0.7339.210, setWindowRect: true, strictFileInteractability: false, timeouts: {implicit: 0, pageLoad: 300000, script: 30000}, unhandledPromptBehavior: dismiss and notify, webauthn:extension:credBlob: true, webauthn:extension:largeBlob: true, webauthn:extension:minPinLength: true, webauthn:extension:prf: true, webauthn:virtualAuthenticators: true}
Element: [[ChromeDriver: chrome on windows (d1732c8c9b6c543fa5bb70d259252db9)] -&gt; xpath: //a[@href=&apos;browser-windows.php&apos;]]
Session ID: d1732c8c9b6c543fa5bb70d259252db9
	at org.openqa.selenium.remote.ErrorCodec.decode(ErrorCodec.java:167)
	at org.openqa.selenium.remote.codec.w3c.W3CHttpResponseCodec.decode(W3CHttpResponseCodec.java:138)
	at org.openqa.selenium.remote.codec.w3c.W3CHttpResponseCodec.decode(W3CHttpResponseCodec.java:50)
	at org.openqa.selenium.remote.HttpCommandExecutor.execute(HttpCommandExecutor.java:190)
	at org.openqa.selenium.remote.service.DriverCommandExecutor.invokeExecute(DriverCommandExecutor.java:216)
	at org.openqa.selenium.remote.service.DriverCommandExecutor.execute(DriverCommandExecutor.java:174)
	at org.openqa.selenium.remote.RemoteWebDriver.execute(RemoteWebDriver.java:518)
	at org.openqa.selenium.remote.RemoteWebElement.execute(RemoteWebElement.java:223)
	at org.openqa.selenium.remote.RemoteWebElement.click(RemoteWebElement.java:76)
	at org.openqa.selenium.support.pagefactory.internal.LocatingElementHandler.invoke(LocatingElementHandler.java:51)
	at jdk.proxy2/jdk.proxy2.$Proxy29.click(Unknown Source)
	at pageObjects.BrowserWindows.browserWinLinkClick(BrowserWindows.java:46)
	at testCases.BrowserWindowsTC0010.newTabMethod(BrowserWindowsTC0010.java:17)
	at java.base/java.util.ArrayList.forEach(ArrayList.java:1596)
... Removed 30 stack frames</div></td></tr></table><p class="totop"><a href="#summary">back to summary</a></p>
<h3 id="m2">testCases.BrowserWindowsTC0010#newWinMethod</h3><table class="result"><tr><th>Exception</th></tr><tr><td><div class="stacktrace">org.openqa.selenium.NoSuchElementException: no such element: Unable to locate element: {&quot;method&quot;:&quot;xpath&quot;,&quot;selector&quot;:&quot;//div//button[@class=&apos;btn btn-primary&apos;][2]&quot;}
  (Session info: chrome=140.0.7339.210)
For documentation on this error, please visit: https://www.selenium.dev/documentation/webdriver/troubleshooting/errors#no-such-element-exception
Build info: version: &apos;4.22.0&apos;, revision: &apos;c5f3146703*&apos;
System info: os.name: &apos;Windows 11&apos;, os.arch: &apos;amd64&apos;, os.version: &apos;10.0&apos;, java.version: &apos;21.0.7&apos;
Driver info: org.openqa.selenium.chrome.ChromeDriver
Command: [d1732c8c9b6c543fa5bb70d259252db9, findElement {value=//div//button[@class=&apos;btn btn-primary&apos;][2], using=xpath}]
Capabilities {acceptInsecureCerts: false, browserName: chrome, browserVersion: 140.0.7339.210, chrome: {chromedriverVersion: 140.0.7339.207 (17230b545fd..., userDataDir: C:\Users\akshu\AppData\Loca...}, fedcm:accounts: true, goog:chromeOptions: {debuggerAddress: localhost:61313}, networkConnectionEnabled: false, pageLoadStrategy: normal, platformName: windows, proxy: Proxy(), se:cdp: ws://localhost:61313/devtoo..., se:cdpVersion: 140.0.7339.210, setWindowRect: true, strictFileInteractability: false, timeouts: {implicit: 0, pageLoad: 300000, script: 30000}, unhandledPromptBehavior: dismiss and notify, webauthn:extension:credBlob: true, webauthn:extension:largeBlob: true, webauthn:extension:minPinLength: true, webauthn:extension:prf: true, webauthn:virtualAuthenticators: true}
Session ID: d1732c8c9b6c543fa5bb70d259252db9
	at org.openqa.selenium.remote.ErrorCodec.decode(ErrorCodec.java:167)
	at org.openqa.selenium.remote.codec.w3c.W3CHttpResponseCodec.decode(W3CHttpResponseCodec.java:138)
	at org.openqa.selenium.remote.codec.w3c.W3CHttpResponseCodec.decode(W3CHttpResponseCodec.java:50)
	at org.openqa.selenium.remote.HttpCommandExecutor.execute(HttpCommandExecutor.java:190)
	at org.openqa.selenium.remote.service.DriverCommandExecutor.invokeExecute(DriverCommandExecutor.java:216)
	at org.openqa.selenium.remote.service.DriverCommandExecutor.execute(DriverCommandExecutor.java:174)
	at org.openqa.selenium.remote.RemoteWebDriver.execute(RemoteWebDriver.java:518)
	at org.openqa.selenium.remote.ElementLocation$ElementFinder$2.findElement(ElementLocation.java:165)
	at org.openqa.selenium.remote.ElementLocation.findElement(ElementLocation.java:59)
	at org.openqa.selenium.remote.RemoteWebDriver.findElement(RemoteWebDriver.java:355)
	at org.openqa.selenium.remote.RemoteWebDriver.findElement(RemoteWebDriver.java:349)
	at org.openqa.selenium.support.pagefactory.DefaultElementLocator.findElement(DefaultElementLocator.java:68)
	at org.openqa.selenium.support.pagefactory.internal.LocatingElementHandler.invoke(LocatingElementHandler.java:38)
	at jdk.proxy2/jdk.proxy2.$Proxy29.click(Unknown Source)
	at pageObjects.BrowserWindows.newWindowBtnClick(BrowserWindows.java:54)
	at testCases.BrowserWindowsTC0010.newWinMethod(BrowserWindowsTC0010.java:40)
	at java.base/java.util.ArrayList.forEach(ArrayList.java:1596)
... Removed 28 stack frames</div></td></tr></table><p class="totop"><a href="#summary">back to summary</a></p>
<h3 id="m3">testCases.ProgressBarTC0016#progressBarMathod</h3><table class="result"><tr><th>Exception</th></tr><tr><td><div class="stacktrace">java.lang.AssertionError: progress bar did not complete expected [100] but found [0]
	at testCases.ProgressBarTC0016.progressBarMathod(ProgressBarTC0016.java:26)
	at java.base/java.util.ArrayList.forEach(ArrayList.java:1596)
... Removed 30 stack frames</div></td></tr></table><p class="totop"><a href="#summary">back to summary</a></p>
<h3 id="m4">testCases.ScollTopTC0020#scollTopMethod</h3><table class="result"><tr><th>Exception</th></tr><tr><td><div class="stacktrace">java.lang.AssertionError: page did not scroll back to top expected [true] but found [false]
	at testCases.ScollTopTC0020.scollTopMethod(ScollTopTC0020.java:17)
	at java.base/java.util.ArrayList.forEach(ArrayList.java:1596)
... Removed 28 stack frames</div></td></tr></table><p class="totop"><a href="#summary">back to summary</a></p>
<h3 id="m5">testCases.SelectMenuTC0019#selectMenuMethod</h3><table class="result"><tr><th>Exception</th></tr><tr><td><div class="stacktrace">org.openqa.selenium.support.ui.UnexpectedTagNameException: Element should have been &quot;select&quot; but was &quot;span&quot;
Build info: version: &apos;4.22.0&apos;, revision: &apos;c5f3146703*&apos;
System info: os.name: &apos;Windows 11&apos;, os.arch: &apos;amd64&apos;, os.version: &apos;10.0&apos;, java.version: &apos;21.0.7&apos;
Driver info: driver.version: unknown
	at org.openqa.selenium.support.ui.Select.&lt;init&gt;(Select.java:46)
	at pageObjects.SelectMenu.selectMultipleOptions(SelectMenu.java:46)
	at testCases.SelectMenuTC0019.selectMenuMethod(SelectMenuTC0019.java:17)
	at java.base/java.util.ArrayList.forEach(ArrayList.java:1596)
... Removed 25 stack frames</div></td></tr></table><p class="totop"><a href="#summary">back to summary</a></p>
<h3 id="m6">testCases.SliderTC0015#sliderMethod</h3><table class="result"><tr><th>Exception</th></tr><tr><td><div class="stacktrace">org.openqa.selenium.ElementClickInterceptedException: element click intercepted: Element is not clickable at point (345, 693)
  (Session info: chrome=140.0.7339.210)
Build info: version: &apos;4.22.0&apos;, revision: &apos;c5f3146703*&apos;
System info: os.name: &apos;Windows 11&apos;, os.arch: &apos;amd64&apos;, os.version: &apos;10.0&apos;, java.version: &apos;21.0.7&apos;
Driver info: org.openqa.selenium.chrome.ChromeDriver
Command: [760e55c45b696a758a4e52b729c6bcc8, clickElement {id=f.407154B068BF63882CFFFF4EDFCDE0B1.d.E40FF4B61D8629EAAF15D80220986DCC.e.13}]
Capabilities {acceptInsecureCerts: false, browserName: chrome, browserVersion: 140.0.7339.210, chrome: {chromedriverVersion: 140.0.7339.207 (17230b545fd..., userDataDir: C:\Users\akshu\AppData\Loca...}, fedcm:accounts: true, goog:chromeOptions: {debuggerAddress: localhost:61263}, networkConnectionEnabled: false, pageLoadStrategy: normal, platformName: windows, proxy: Proxy(), se:cdp: ws://localhost:61263/devtoo..., se:cdpVersion: 140.0.7339.210, setWindowRect: true, strictFileInteractability: false, timeouts: {implicit: 0, pageLoad: 300000, script: 30000}, unhandledPromptBehavior: dismiss and notify, webauthn:extension:credBlob: true, webauthn:extension:largeBlob: true, webauthn:extension:minPinLength: true, webauthn:extension:prf: true, webauthn:virtualAuthenticators: true}
Element: [[ChromeDriver: chrome on windows (760e55c45b696a758a4e52b729c6bcc8)] -&gt; xpath: //button[normalize-space()=&apos;Widgets&apos;]]
Session ID: 760e55c45b696a758a4e52b729c6bcc8
	at org.openqa.selenium.remote.ErrorCodec.decode(ErrorCodec.java:167)
	at org.openqa.selenium.remote.codec.w3c.W3CHttpResponseCodec.decode(W3CHttpResponseCodec.java:138)
	at org.openqa.selenium.remote.codec.w3c.W3CHttpResponseCodec.decode(W3CHttpResponseCodec.java:50)
	at org.openqa.selenium.remote.HttpCommandExecutor.execute(HttpCommandExecutor.java:190)
	at org.openqa.selenium.remote.service.DriverCommandExecutor.invokeExecute(DriverCommandExecutor.java:216)
	at org.openqa.selenium.remote.service.DriverCommandExecutor.execute(DriverCommandExecutor.java:174)
	at org.openqa.selenium.remote.RemoteWebDriver.execute(RemoteWebDriver.java:518)
	at org.openqa.selenium.remote.RemoteWebElement.execute(RemoteWebElement.java:223)
	at org.openqa.selenium.remote.RemoteWebElement.click(RemoteWebElement.java:76)
	at org.openqa.selenium.support.pagefactory.internal.LocatingElementHandler.invoke(LocatingElementHandler.java:51)
	at jdk.proxy2/jdk.proxy2.$Proxy29.click(Unknown Source)
	at pageObjects.Slider.clickSliderLink(Slider.java:33)
	at testCases.SliderTC0015.sliderMethod(SliderTC0015.java:15)
	at java.base/java.util.ArrayList.forEach(ArrayList.java:1596)
... Removed 30 stack frames</div></td></tr></table><p class="totop"><a href="#summary">back to summary</a></p>
<h3 id="m7">testCases.UploadandDownloadTC009#selectFileMethod</h3><table class="result"><tr><th>Exception</th></tr><tr><td><div class="stacktrace">org.openqa.selenium.InvalidArgumentException: invalid argument
  (Session info: chrome=140.0.7339.210)
Build info: version: &apos;4.22.0&apos;, revision: &apos;c5f3146703*&apos;
System info: os.name: &apos;Windows 11&apos;, os.arch: &apos;amd64&apos;, os.version: &apos;10.0&apos;, java.version: &apos;21.0.7&apos;
Driver info: org.openqa.selenium.chrome.ChromeDriver
Command: [d1f22ac6836f6a7a0e6180fc80811e37, clickElement {id=f.FB886C8CC96C168428CF574EAE3FA9A8.d.A024997A8D880D4B345AE0F864484357.e.60}]
Capabilities {acceptInsecureCerts: false, browserName: chrome, browserVersion: 140.0.7339.210, chrome: {chromedriverVersion: 140.0.7339.207 (17230b545fd..., userDataDir: C:\Users\akshu\AppData\Loca...}, fedcm:accounts: true, goog:chromeOptions: {debuggerAddress: localhost:61174}, networkConnectionEnabled: false, pageLoadStrategy: normal, platformName: windows, proxy: Proxy(), se:cdp: ws://localhost:61174/devtoo..., se:cdpVersion: 140.0.7339.210, setWindowRect: true, strictFileInteractability: false, timeouts: {implicit: 0, pageLoad: 300000, script: 30000}, unhandledPromptBehavior: dismiss and notify, webauthn:extension:credBlob: true, webauthn:extension:largeBlob: true, webauthn:extension:minPinLength: true, webauthn:extension:prf: true, webauthn:virtualAuthenticators: true}
Element: [[ChromeDriver: chrome on windows (d1f22ac6836f6a7a0e6180fc80811e37)] -&gt; xpath: //input[@id=&apos;uploadFile&apos;]]
Session ID: d1f22ac6836f6a7a0e6180fc80811e37
	at org.openqa.selenium.remote.ErrorCodec.decode(ErrorCodec.java:167)
	at org.openqa.selenium.remote.codec.w3c.W3CHttpResponseCodec.decode(W3CHttpResponseCodec.java:138)
	at org.openqa.selenium.remote.codec.w3c.W3CHttpResponseCodec.decode(W3CHttpResponseCodec.java:50)
	at org.openqa.selenium.remote.HttpCommandExecutor.execute(HttpCommandExecutor.java:190)
	at org.openqa.selenium.remote.service.DriverCommandExecutor.invokeExecute(DriverCommandExecutor.java:216)
	at org.openqa.selenium.remote.service.DriverCommandExecutor.execute(DriverCommandExecutor.java:174)
	at org.openqa.selenium.remote.RemoteWebDriver.execute(RemoteWebDriver.java:518)
	at org.openqa.selenium.remote.RemoteWebElement.execute(RemoteWebElement.java:223)
	at org.openqa.selenium.remote.RemoteWebElement.click(RemoteWebElement.java:76)
	at org.openqa.selenium.support.pagefactory.internal.LocatingElementHandler.invoke(LocatingElementHandler.java:51)
	at jdk.proxy2/jdk.proxy2.$Proxy29.click(Unknown Source)
	at pageObjects.UploadandDownload.chooseFile(UploadandDownload.java:31)
	at testCases.UploadandDownloadTC009.selectFileMethod(UploadandDownloadTC009.java:20)
	at java.base/java.util.ArrayList.forEach(ArrayList.java:1596)
... Removed 30 stack frames</div></td></tr></table><p class="totop"><a href="#summary">back to summary</a></p>
<h3 id="m8">testCases.Accordian0012#accordianMethod</h3><table class="result"><tr><th class="invisible"/></tr></table><p class="totop"><a href="#summary">back to summary</a></p>
<h3 id="m9">testCases.AutoCompleteTC0013#autoCompleteMethod</h3><table class="result"><tr><th class="invisible"/></tr></table><p class="totop"><a href="#summary">back to summary</a></p>
<h3 id="m10">testCases.BrokenLinksTC007#brokenLinksMethod</h3><table class="result"><tr><th class="invisible"/></tr></table><p class="totop"><a href="#summary">back to summary</a></p>
<h3 id="m11">testCases.ButtonTC005#buttonsClick</h3><table class="result"><tr><th class="invisible"/></tr></table><p class="totop"><a href="#summary">back to summary</a></p>
<h3 id="m12">testCases.CheckBoxTC002#checkBoxMethod</h3><table class="result"><tr><th class="invisible"/></tr></table><p class="totop"><a href="#summary">back to summary</a></p>
<h3 id="m13">testCases.DatePickerTC0014#datePickerMethod</h3><table class="result"><tr><th class="invisible"/></tr></table><p class="totop"><a href="#summary">back to summary</a></p>
<h3 id="m14">testCases.DynamicPropertiesTC008#dynamicPropertiesMethod</h3><table class="result"><tr><th class="invisible"/></tr></table><p class="totop"><a href="#summary">back to summary</a></p>
<h3 id="m15">testCases.HorizontalScrollTC0022#horizntalScollMethod</h3><table class="result"><tr><th class="invisible"/></tr></table><p class="totop"><a href="#summary">back to summary</a></p>
<h3 id="m16">testCases.InteractionTC0023#interactionMethod</h3><table class="result"><tr><th class="invisible"/></tr></table><p class="totop"><a href="#summary">back to summary</a></p>
<h3 id="m17">testCases.LinksTC006#links</h3><table class="result"><tr><th class="invisible"/></tr></table><p class="totop"><a href="#summary">back to summary</a></p>
<h3 id="m18">testCases.MenuTC0018#menuMethod</h3><table class="result"><tr><th class="invisible"/></tr></table><p class="totop"><a href="#summary">back to summary</a></p>
<h3 id="m19">testCases.RadioBtnTC003#aradioBtnMethod</h3><table class="result"><tr><th class="invisible"/></tr></table><p class="totop"><a href="#summary">back to summary</a></p>
<h3 id="m20">testCases.RadioBtnTC003#impressiveMethod</h3><table class="result"><tr><th class="invisible"/></tr></table><p class="totop"><a href="#summary">back to summary</a></p>
<h3 id="m21">testCases.ScrollDownTC0021#scollDownMethod</h3><table class="result"><tr><th class="invisible"/></tr></table><p class="totop"><a href="#summary">back to summary</a></p>
<h3 id="m22">testCases.TabsTC0017#tabsMethod</h3><table class="result"><tr><th class="invisible"/></tr></table><p class="totop"><a href="#summary">back to summary</a></p>
<h3 id="m23">testCases.TextBoxTC001#textBoxMethod</h3><table class="result"><tr><th class="invisible"/></tr></table><p class="totop"><a href="#summary">back to summary</a></p>
<h3 id="m24">testCases.UploadandDownloadTC009#uploadDownloadMethod</h3><table class="result"><tr><th class="invisible"/></tr></table><p class="totop"><a href="#summary">back to summary</a></p>
<h3 id="m25">testCases.WebTableTC004#webTableMethod</h3><table class="result"><tr><th class="invisible"/></tr></table><p class="totop"><a href="#summary">back to summary</a></p>
<h3 id="m26">testCases.WidgetsTC0011#widgetsMethod</h3><table class="result"><tr><th class="invisible"/></tr></table><p class="totop"><a href="#summary">back to summary</a></p>
</body>
</html>
